<?xml version='1.0' encoding='UTF-8'?>
<testsuite hostname="15a700106bef" name="GradeSchoolTest" tests="7" errors="0" failures="0" skipped="6" time="0.09" timestamp="2021-07-25T13:29:19">
          <properties>
[...]
</properties>
          <testcase classname="GradeSchoolTest" name="empty school" time="0.08">
                      
                    </testcase><testcase classname="GradeSchoolTest" name="add student" time="0.006">
                      <skipped/>
                    </testcase><testcase classname="GradeSchoolTest" name="add more students in same class" time="0.001">
                      <skipped/>
                    </testcase><testcase classname="GradeSchoolTest" name="add students to different grades" time="0.001">
                      <skipped/>
                    </testcase><testcase classname="GradeSchoolTest" name="get students in a grade" time="0.001">
                      <skipped/>
                    </testcase><testcase classname="GradeSchoolTest" name="get students in a non-existent grade" time="0.0">
                      <skipped/>
                    </testcase><testcase classname="GradeSchoolTest" name="sort school" time="0.001">
                      <skipped/>
                    </testcase>
          <system-out><![CDATA[]]></system-out>
          <system-err><![CDATA[]]></system-err>
        </testsuite>